MATCH_START_ROUND: 0
Matthew Bouch
client
XSSSSSSSSS
SSSSSSSSSS
~~~~~~~~~~
~~~~~~~~~~
~~~~~~~~~~
~~~~~~~~~~
~~~~~~~~~~
~~~~~~~~~~
~~~~~~~~~~
~~~~~~~~~~
client's HIT: 0,1
Joey Gorski
client_auto
SXSSSSSSSS
SSSSSSSSSS
~~~~~~~~~~
~~~~~~~~~~
~~~~~~~~~~
~~~~~~~~~~
~~~~~~~~~~
~~~~~~~~~~
~~~~~~~~~~
~~~~~~~~~~
client_auto's HIT: 0,0
Matthew Bouch
client
XXSSSSSSSS
SSSSSSSSSS
~~~~~~~~~~
~~~~~~~~~~
~~~~~~~~~~
~~~~~~~~~~
~~~~~~~~~~
~~~~~~~~~~
~~~~~~~~~~
~~~~~~~~~~
client's HIT: 0,2
Joey Gorski
client_auto
SXXSSSSSSS
SSSSSSSSSS
~~~~~~~~~~
~~~~~~~~~~
~~~~~~~~~~
~~~~~~~~~~
~~~~~~~~~~
~~~~~~~~~~
~~~~~~~~~~
~~~~~~~~~~
client_auto's HIT: 0,1
Matthew Bouch
client
KKKSSSSSSS
SSSSSSSSSS
~~~~~~~~~~
~~~~~~~~~~
~~~~~~~~~~
~~~~~~~~~~
~~~~~~~~~~
~~~~~~~~~~
~~~~~~~~~~
~~~~~~~~~~
client's HIT: 0,3
Joey Gorski
client_auto
SXXXSSSSSS
SSSSSSSSSS
~~~~~~~~~~
~~~~~~~~~~
~~~~~~~~~~
~~~~~~~~~~
~~~~~~~~~~
~~~~~~~~~~
~~~~~~~~~~
~~~~~~~~~~
client_auto's HIT: 0,2
Matthew Bouch
client
KKKXSSSSSS
SSSSSSSSSS
~~~~~~~~~~
~~~~~~~~~~
~~~~~~~~~~
~~~~~~~~~~
~~~~~~~~~~
~~~~~~~~~~
~~~~~~~~~~
~~~~~~~~~~
client's HIT: 0,4
Joey Gorski
client_auto
SXXXXSSSSS
SSSSSSSSSS
~~~~~~~~~~
~~~~~~~~~~
~~~~~~~~~~
~~~~~~~~~~
~~~~~~~~~~
~~~~~~~~~~
~~~~~~~~~~
~~~~~~~~~~
client_auto's HIT: 0,3
Matthew Bouch
client
KKKXXSSSSS
SSSSSSSSSS
~~~~~~~~~~
~~~~~~~~~~
~~~~~~~~~~
~~~~~~~~~~
~~~~~~~~~~
~~~~~~~~~~
~~~~~~~~~~
~~~~~~~~~~
client's HIT: 0,5
Joey Gorski
client_auto
SXXKKKSSSS
SSSSSSSSSS
~~~~~~~~~~
~~~~~~~~~~
~~~~~~~~~~
~~~~~~~~~~
~~~~~~~~~~
~~~~~~~~~~
~~~~~~~~~~
~~~~~~~~~~
client_auto's HIT: 0,4
Matthew Bouch
client
KKKKKKSSSS
SSSSSSSSSS
~~~~~~~~~~
~~~~~~~~~~
~~~~~~~~~~
~~~~~~~~~~
~~~~~~~~~~
~~~~~~~~~~
~~~~~~~~~~
~~~~~~~~~~
client's HIT: 0,6
Joey Gorski
client_auto
SXXKKKXSSS
SSSSSSSSSS
~~~~~~~~~~
~~~~~~~~~~
~~~~~~~~~~
~~~~~~~~~~
~~~~~~~~~~
~~~~~~~~~~
~~~~~~~~~~
~~~~~~~~~~
client_auto's HIT: 0,5
Matthew Bouch
client
KKKKKKXSSS
SSSSSSSSSS
~~~~~~~~~~
~~~~~~~~~~
~~~~~~~~~~
~~~~~~~~~~
~~~~~~~~~~
~~~~~~~~~~
~~~~~~~~~~
~~~~~~~~~~
client's HIT: 0,7
Joey Gorski
client_auto
SXXKKKXXSS
SSSSSSSSSS
~~~~~~~~~~
~~~~~~~~~~
~~~~~~~~~~
~~~~~~~~~~
~~~~~~~~~~
~~~~~~~~~~
~~~~~~~~~~
~~~~~~~~~~
client_auto's HIT: 0,6
Matthew Bouch
client
KKKKKKXXSS
SSSSSSSSSS
~~~~~~~~~~
~~~~~~~~~~
~~~~~~~~~~
~~~~~~~~~~
~~~~~~~~~~
~~~~~~~~~~
~~~~~~~~~~
~~~~~~~~~~
client's HIT: 0,8
Joey Gorski
client_auto
SXXKKKXXXS
SSSSSSSSSS
~~~~~~~~~~
~~~~~~~~~~
~~~~~~~~~~
~~~~~~~~~~
~~~~~~~~~~
~~~~~~~~~~
~~~~~~~~~~
~~~~~~~~~~
client_auto's HIT: 0,7
Matthew Bouch
client
KKKKKKXXXS
SSSSSSSSSS
~~~~~~~~~~
~~~~~~~~~~
~~~~~~~~~~
~~~~~~~~~~
~~~~~~~~~~
~~~~~~~~~~
~~~~~~~~~~
~~~~~~~~~~
client's HIT: 0,9
Joey Gorski
client_auto
SXXKKKKKKK
SSSSSSSSSS
~~~~~~~~~~
~~~~~~~~~~
~~~~~~~~~~
~~~~~~~~~~
~~~~~~~~~~
~~~~~~~~~~
~~~~~~~~~~
~~~~~~~~~~
client_auto's HIT: 0,8
Matthew Bouch
client
KKKKKKKKKK
SSSSSSSSSS
~~~~~~~~~~
~~~~~~~~~~
~~~~~~~~~~
~~~~~~~~~~
~~~~~~~~~~
~~~~~~~~~~
~~~~~~~~~~
~~~~~~~~~~
client's HIT: 1,1
Joey Gorski
client_auto
SXXKKKKKKK
SXSSSSSSSS
~~~~~~~~~~
~~~~~~~~~~
~~~~~~~~~~
~~~~~~~~~~
~~~~~~~~~~
~~~~~~~~~~
~~~~~~~~~~
~~~~~~~~~~
client_auto's HIT: 0,9
Matthew Bouch
client
KKKKKKKKKK
XSSSSSSSSS
~~~~~~~~~~
~~~~~~~~~~
~~~~~~~~~~
~~~~~~~~~~
~~~~~~~~~~
~~~~~~~~~~
~~~~~~~~~~
~~~~~~~~~~
client's HIT: 1,2
Joey Gorski
client_auto
SXXKKKKKKK
SXXSSSSSSS
~~~~~~~~~~
~~~~~~~~~~
~~~~~~~~~~
~~~~~~~~~~
~~~~~~~~~~
~~~~~~~~~~
~~~~~~~~~~
~~~~~~~~~~
client_auto's HIT: 1,0
Matthew Bouch
client
KKKKKKKKKK
XXSSSSSSSS
~~~~~~~~~~
~~~~~~~~~~
~~~~~~~~~~
~~~~~~~~~~
~~~~~~~~~~
~~~~~~~~~~
~~~~~~~~~~
~~~~~~~~~~
client's HIT: 1,3
Joey Gorski
client_auto
SXXKKKKKKK
SXXXSSSSSS
~~~~~~~~~~
~~~~~~~~~~
~~~~~~~~~~
~~~~~~~~~~
~~~~~~~~~~
~~~~~~~~~~
~~~~~~~~~~
~~~~~~~~~~
client_auto's HIT: 1,1
Matthew Bouch
client
KKKKKKKKKK
KKKSSSSSSS
~~~~~~~~~~
~~~~~~~~~~
~~~~~~~~~~
~~~~~~~~~~
~~~~~~~~~~
~~~~~~~~~~
~~~~~~~~~~
~~~~~~~~~~
client's HIT: 1,4
Joey Gorski
client_auto
SXXKKKKKKK
SXXXXSSSSS
~~~~~~~~~~
~~~~~~~~~~
~~~~~~~~~~
~~~~~~~~~~
~~~~~~~~~~
~~~~~~~~~~
~~~~~~~~~~
~~~~~~~~~~
client_auto's HIT: 1,2
Matthew Bouch
client
KKKKKKKKKK
KKKXSSSSSS
~~~~~~~~~~
~~~~~~~~~~
~~~~~~~~~~
~~~~~~~~~~
~~~~~~~~~~
~~~~~~~~~~
~~~~~~~~~~
~~~~~~~~~~
client's HIT: 1,5
Joey Gorski
client_auto
SXXKKKKKKK
SXXKKKSSSS
~~~~~~~~~~
~~~~~~~~~~
~~~~~~~~~~
~~~~~~~~~~
~~~~~~~~~~
~~~~~~~~~~
~~~~~~~~~~
~~~~~~~~~~
client_auto's HIT: 1,3
Matthew Bouch
client
KKKKKKKKKK
KKKXXSSSSS
~~~~~~~~~~
~~~~~~~~~~
~~~~~~~~~~
~~~~~~~~~~
~~~~~~~~~~
~~~~~~~~~~
~~~~~~~~~~
~~~~~~~~~~
client's HIT: 1,6
Joey Gorski
client_auto
SXXKKKKKKK
SXXKKKXSSS
~~~~~~~~~~
~~~~~~~~~~
~~~~~~~~~~
~~~~~~~~~~
~~~~~~~~~~
~~~~~~~~~~
~~~~~~~~~~
~~~~~~~~~~
client_auto's HIT: 1,4
Matthew Bouch
client
KKKKKKKKKK
KKKKKKSSSS
~~~~~~~~~~
~~~~~~~~~~
~~~~~~~~~~
~~~~~~~~~~
~~~~~~~~~~
~~~~~~~~~~
~~~~~~~~~~
~~~~~~~~~~
client's HIT: 1,7
Joey Gorski
client_auto
SXXKKKKKKK
SXXKKKXXSS
~~~~~~~~~~
~~~~~~~~~~
~~~~~~~~~~
~~~~~~~~~~
~~~~~~~~~~
~~~~~~~~~~
~~~~~~~~~~
~~~~~~~~~~
client_auto's HIT: 1,5
Matthew Bouch
client
KKKKKKKKKK
KKKKKKXSSS
~~~~~~~~~~
~~~~~~~~~~
~~~~~~~~~~
~~~~~~~~~~
~~~~~~~~~~
~~~~~~~~~~
~~~~~~~~~~
~~~~~~~~~~
client's HIT: 1,8
Joey Gorski
client_auto
SXXKKKKKKK
SXXKKKXXXS
~~~~~~~~~~
~~~~~~~~~~
~~~~~~~~~~
~~~~~~~~~~
~~~~~~~~~~
~~~~~~~~~~
~~~~~~~~~~
~~~~~~~~~~
client_auto's HIT: 1,6
Matthew Bouch
client
KKKKKKKKKK
KKKKKKXXSS
~~~~~~~~~~
~~~~~~~~~~
~~~~~~~~~~
~~~~~~~~~~
~~~~~~~~~~
~~~~~~~~~~
~~~~~~~~~~
~~~~~~~~~~
client's HIT: 1,9
Joey Gorski
client_auto
SXXKKKKKKK
SXXKKKKKKK
~~~~~~~~~~
~~~~~~~~~~
~~~~~~~~~~
~~~~~~~~~~
~~~~~~~~~~
~~~~~~~~~~
~~~~~~~~~~
~~~~~~~~~~
client_auto's HIT: 1,7
Matthew Bouch
client
KKKKKKKKKK
KKKKKKXXXS
~~~~~~~~~~
~~~~~~~~~~
~~~~~~~~~~
~~~~~~~~~~
~~~~~~~~~~
~~~~~~~~~~
~~~~~~~~~~
~~~~~~~~~~
client's MISS: 2,1
Joey Gorski
client_auto
SXXKKKKKKK
SXXKKKKKKK
~*~~~~~~~~
~~~~~~~~~~
~~~~~~~~~~
~~~~~~~~~~
~~~~~~~~~~
~~~~~~~~~~
~~~~~~~~~~
~~~~~~~~~~
client_auto's HIT: 1,8
Matthew Bouch
client
KKKKKKKKKK
KKKKKKKKKK
~~~~~~~~~~
~~~~~~~~~~
~~~~~~~~~~
~~~~~~~~~~
~~~~~~~~~~
~~~~~~~~~~
~~~~~~~~~~
~~~~~~~~~~
client's MISS: 2,2
Joey Gorski
client_auto
SXXKKKKKKK
SXXKKKKKKK
~**~~~~~~~
~~~~~~~~~~
~~~~~~~~~~
~~~~~~~~~~
~~~~~~~~~~
~~~~~~~~~~
~~~~~~~~~~
~~~~~~~~~~
client_auto's HIT: 1,9
MATCH_OVER
MATCH_START_ROUND: 1
Matthew Bouch
client
XSSSSSSSSS
SSSSSSSSSS
~~~~~~~~~~
~~~~~~~~~~
~~~~~~~~~~
~~~~~~~~~~
~~~~~~~~~~
~~~~~~~~~~
~~~~~~~~~~
~~~~~~~~~~
client's HIT: 0,1
Joey Gorski
client_auto
SXSSSSSSSS
SSSSSSSSSS
~~~~~~~~~~
~~~~~~~~~~
~~~~~~~~~~
~~~~~~~~~~
~~~~~~~~~~
~~~~~~~~~~
~~~~~~~~~~
~~~~~~~~~~
client_auto's HIT: 0,0
Matthew Bouch
client
XXSSSSSSSS
SSSSSSSSSS
~~~~~~~~~~
~~~~~~~~~~
~~~~~~~~~~
~~~~~~~~~~
~~~~~~~~~~
~~~~~~~~~~
~~~~~~~~~~
~~~~~~~~~~
client's HIT: 0,2
Joey Gorski
client_auto
SXXSSSSSSS
SSSSSSSSSS
~~~~~~~~~~
~~~~~~~~~~
~~~~~~~~~~
~~~~~~~~~~
~~~~~~~~~~
~~~~~~~~~~
~~~~~~~~~~
~~~~~~~~~~
client_auto's HIT: 0,1
Matthew Bouch
client
KKKSSSSSSS
SSSSSSSSSS
~~~~~~~~~~
~~~~~~~~~~
~~~~~~~~~~
~~~~~~~~~~
~~~~~~~~~~
~~~~~~~~~~
~~~~~~~~~~
~~~~~~~~~~
client's HIT: 0,3
Joey Gorski
client_auto
SXXXSSSSSS
SSSSSSSSSS
~~~~~~~~~~
~~~~~~~~~~
~~~~~~~~~~
~~~~~~~~~~
~~~~~~~~~~
~~~~~~~~~~
~~~~~~~~~~
~~~~~~~~~~
client_auto's HIT: 0,2
Matthew Bouch
client
KKKXSSSSSS
SSSSSSSSSS
~~~~~~~~~~
~~~~~~~~~~
~~~~~~~~~~
~~~~~~~~~~
~~~~~~~~~~
~~~~~~~~~~
~~~~~~~~~~
~~~~~~~~~~
client's HIT: 0,4
Joey Gorski
client_auto
SXXXXSSSSS
SSSSSSSSSS
~~~~~~~~~~
~~~~~~~~~~
~~~~~~~~~~
~~~~~~~~~~
~~~~~~~~~~
~~~~~~~~~~
~~~~~~~~~~
~~~~~~~~~~
client_auto's HIT: 0,3
Matthew Bouch
client
KKKXXSSSSS
SSSSSSSSSS
~~~~~~~~~~
~~~~~~~~~~
~~~~~~~~~~
~~~~~~~~~~
~~~~~~~~~~
~~~~~~~~~~
~~~~~~~~~~
~~~~~~~~~~
client's HIT: 0,5
Joey Gorski
client_auto
SXXKKKSSSS
SSSSSSSSSS
~~~~~~~~~~
~~~~~~~~~~
~~~~~~~~~~
~~~~~~~~~~
~~~~~~~~~~
~~~~~~~~~~
~~~~~~~~~~
~~~~~~~~~~
client_auto's HIT: 0,4
Matthew Bouch
client
KKKKKKSSSS
SSSSSSSSSS
~~~~~~~~~~
~~~~~~~~~~
~~~~~~~~~~
~~~~~~~~~~
~~~~~~~~~~
~~~~~~~~~~
~~~~~~~~~~
~~~~~~~~~~
client's HIT: 0,6
Joey Gorski
client_auto
SXXKKKXSSS
SSSSSSSSSS
~~~~~~~~~~
~~~~~~~~~~
~~~~~~~~~~
~~~~~~~~~~
~~~~~~~~~~
~~~~~~~~~~
~~~~~~~~~~
~~~~~~~~~~
client_auto's HIT: 0,5
Matthew Bouch
client
KKKKKKXSSS
SSSSSSSSSS
~~~~~~~~~~
~~~~~~~~~~
~~~~~~~~~~
~~~~~~~~~~
~~~~~~~~~~
~~~~~~~~~~
~~~~~~~~~~
~~~~~~~~~~
client's HIT: 0,7
Joey Gorski
client_auto
SXXKKKXXSS
SSSSSSSSSS
~~~~~~~~~~
~~~~~~~~~~
~~~~~~~~~~
~~~~~~~~~~
~~~~~~~~~~
~~~~~~~~~~
~~~~~~~~~~
~~~~~~~~~~
client_auto's HIT: 0,6
Matthew Bouch
client
KKKKKKXXSS
SSSSSSSSSS
~~~~~~~~~~
~~~~~~~~~~
~~~~~~~~~~
~~~~~~~~~~
~~~~~~~~~~
~~~~~~~~~~
~~~~~~~~~~
~~~~~~~~~~
client's HIT: 0,8
Joey Gorski
client_auto
SXXKKKXXXS
SSSSSSSSSS
~~~~~~~~~~
~~~~~~~~~~
~~~~~~~~~~
~~~~~~~~~~
~~~~~~~~~~
~~~~~~~~~~
~~~~~~~~~~
~~~~~~~~~~
client_auto's HIT: 0,7
Matthew Bouch
client
KKKKKKXXXS
SSSSSSSSSS
~~~~~~~~~~
~~~~~~~~~~
~~~~~~~~~~
~~~~~~~~~~
~~~~~~~~~~
~~~~~~~~~~
~~~~~~~~~~
~~~~~~~~~~
client's HIT: 0,9
Joey Gorski
client_auto
SXXKKKKKKK
SSSSSSSSSS
~~~~~~~~~~
~~~~~~~~~~
~~~~~~~~~~
~~~~~~~~~~
~~~~~~~~~~
~~~~~~~~~~
~~~~~~~~~~
~~~~~~~~~~
client_auto's HIT: 0,8
Matthew Bouch
client
KKKKKKKKKK
SSSSSSSSSS
~~~~~~~~~~
~~~~~~~~~~
~~~~~~~~~~
~~~~~~~~~~
~~~~~~~~~~
~~~~~~~~~~
~~~~~~~~~~
~~~~~~~~~~
client's HIT: 1,1
Joey Gorski
client_auto
SXXKKKKKKK
SXSSSSSSSS
~~~~~~~~~~
~~~~~~~~~~
~~~~~~~~~~
~~~~~~~~~~
~~~~~~~~~~
~~~~~~~~~~
~~~~~~~~~~
~~~~~~~~~~
client_auto's HIT: 0,9
Matthew Bouch
client
KKKKKKKKKK
XSSSSSSSSS
~~~~~~~~~~
~~~~~~~~~~
~~~~~~~~~~
~~~~~~~~~~
~~~~~~~~~~
~~~~~~~~~~
~~~~~~~~~~
~~~~~~~~~~
client's HIT: 1,2
Joey Gorski
client_auto
SXXKKKKKKK
SXXSSSSSSS
~~~~~~~~~~
~~~~~~~~~~
~~~~~~~~~~
~~~~~~~~~~
~~~~~~~~~~
~~~~~~~~~~
~~~~~~~~~~
~~~~~~~~~~
client_auto's HIT: 1,0
Matthew Bouch
client
KKKKKKKKKK
XXSSSSSSSS
~~~~~~~~~~
~~~~~~~~~~
~~~~~~~~~~
~~~~~~~~~~
~~~~~~~~~~
~~~~~~~~~~
~~~~~~~~~~
~~~~~~~~~~
client's HIT: 1,3
Joey Gorski
client_auto
SXXKKKKKKK
SXXXSSSSSS
~~~~~~~~~~
~~~~~~~~~~
~~~~~~~~~~
~~~~~~~~~~
~~~~~~~~~~
~~~~~~~~~~
~~~~~~~~~~
~~~~~~~~~~
client_auto's HIT: 1,1
Matthew Bouch
client
KKKKKKKKKK
KKKSSSSSSS
~~~~~~~~~~
~~~~~~~~~~
~~~~~~~~~~
~~~~~~~~~~
~~~~~~~~~~
~~~~~~~~~~
~~~~~~~~~~
~~~~~~~~~~
client's HIT: 1,4
Joey Gorski
client_auto
SXXKKKKKKK
SXXXXSSSSS
~~~~~~~~~~
~~~~~~~~~~
~~~~~~~~~~
~~~~~~~~~~
~~~~~~~~~~
~~~~~~~~~~
~~~~~~~~~~
~~~~~~~~~~
client_auto's HIT: 1,2
Matthew Bouch
client
KKKKKKKKKK
KKKXSSSSSS
~~~~~~~~~~
~~~~~~~~~~
~~~~~~~~~~
~~~~~~~~~~
~~~~~~~~~~
~~~~~~~~~~
~~~~~~~~~~
~~~~~~~~~~
client's HIT: 1,5
Joey Gorski
client_auto
SXXKKKKKKK
SXXKKKSSSS
~~~~~~~~~~
~~~~~~~~~~
~~~~~~~~~~
~~~~~~~~~~
~~~~~~~~~~
~~~~~~~~~~
~~~~~~~~~~
~~~~~~~~~~
client_auto's HIT: 1,3
Matthew Bouch
client
KKKKKKKKKK
KKKXXSSSSS
~~~~~~~~~~
~~~~~~~~~~
~~~~~~~~~~
~~~~~~~~~~
~~~~~~~~~~
~~~~~~~~~~
~~~~~~~~~~
~~~~~~~~~~
client's HIT: 1,6
Joey Gorski
client_auto
SXXKKKKKKK
SXXKKKXSSS
~~~~~~~~~~
~~~~~~~~~~
~~~~~~~~~~
~~~~~~~~~~
~~~~~~~~~~
~~~~~~~~~~
~~~~~~~~~~
~~~~~~~~~~
client_auto's HIT: 1,4
Matthew Bouch
client
KKKKKKKKKK
KKKKKKSSSS
~~~~~~~~~~
~~~~~~~~~~
~~~~~~~~~~
~~~~~~~~~~
~~~~~~~~~~
~~~~~~~~~~
~~~~~~~~~~
~~~~~~~~~~
client's HIT: 1,7
Joey Gorski
client_auto
SXXKKKKKKK
SXXKKKXXSS
~~~~~~~~~~
~~~~~~~~~~
~~~~~~~~~~
~~~~~~~~~~
~~~~~~~~~~
~~~~~~~~~~
~~~~~~~~~~
~~~~~~~~~~
client_auto's HIT: 1,5
Matthew Bouch
client
KKKKKKKKKK
KKKKKKXSSS
~~~~~~~~~~
~~~~~~~~~~
~~~~~~~~~~
~~~~~~~~~~
~~~~~~~~~~
~~~~~~~~~~
~~~~~~~~~~
~~~~~~~~~~
client's HIT: 1,8
Joey Gorski
client_auto
SXXKKKKKKK
SXXKKKXXXS
~~~~~~~~~~
~~~~~~~~~~
~~~~~~~~~~
~~~~~~~~~~
~~~~~~~~~~
~~~~~~~~~~
~~~~~~~~~~
~~~~~~~~~~
client_auto's HIT: 1,6
Matthew Bouch
client
KKKKKKKKKK
KKKKKKXXSS
~~~~~~~~~~
~~~~~~~~~~
~~~~~~~~~~
~~~~~~~~~~
~~~~~~~~~~
~~~~~~~~~~
~~~~~~~~~~
~~~~~~~~~~
client's HIT: 1,9
Joey Gorski
client_auto
SXXKKKKKKK
SXXKKKKKKK
~~~~~~~~~~
~~~~~~~~~~
~~~~~~~~~~
~~~~~~~~~~
~~~~~~~~~~
~~~~~~~~~~
~~~~~~~~~~
~~~~~~~~~~
client_auto's HIT: 1,7
Matthew Bouch
client
KKKKKKKKKK
KKKKKKXXXS
~~~~~~~~~~
~~~~~~~~~~
~~~~~~~~~~
~~~~~~~~~~
~~~~~~~~~~
~~~~~~~~~~
~~~~~~~~~~
~~~~~~~~~~
client's MISS: 2,1
Joey Gorski
client_auto
SXXKKKKKKK
SXXKKKKKKK
~*~~~~~~~~
~~~~~~~~~~
~~~~~~~~~~
~~~~~~~~~~
~~~~~~~~~~
~~~~~~~~~~
~~~~~~~~~~
~~~~~~~~~~
client_auto's HIT: 1,8
Matthew Bouch
client
KKKKKKKKKK
KKKKKKKKKK
~~~~~~~~~~
~~~~~~~~~~
~~~~~~~~~~
~~~~~~~~~~
~~~~~~~~~~
~~~~~~~~~~
~~~~~~~~~~
~~~~~~~~~~
client's MISS: 2,2
Joey Gorski
client_auto
SXXKKKKKKK
SXXKKKKKKK
~**~~~~~~~
~~~~~~~~~~
~~~~~~~~~~
~~~~~~~~~~
~~~~~~~~~~
~~~~~~~~~~
~~~~~~~~~~
~~~~~~~~~~
client_auto's HIT: 1,9
MATCH_OVER
MATCH_START_ROUND: 2
Matthew Bouch
client
XSSSSSSSSS
SSSSSSSSSS
~~~~~~~~~~
~~~~~~~~~~
~~~~~~~~~~
~~~~~~~~~~
~~~~~~~~~~
~~~~~~~~~~
~~~~~~~~~~
~~~~~~~~~~
client's HIT: 0,1
Joey Gorski
client_auto
SXSSSSSSSS
SSSSSSSSSS
~~~~~~~~~~
~~~~~~~~~~
~~~~~~~~~~
~~~~~~~~~~
~~~~~~~~~~
~~~~~~~~~~
~~~~~~~~~~
~~~~~~~~~~
client_auto's HIT: 0,0
Matthew Bouch
client
XXSSSSSSSS
SSSSSSSSSS
~~~~~~~~~~
~~~~~~~~~~
~~~~~~~~~~
~~~~~~~~~~
~~~~~~~~~~
~~~~~~~~~~
~~~~~~~~~~
~~~~~~~~~~
client's HIT: 0,2
Joey Gorski
client_auto
SXXSSSSSSS
SSSSSSSSSS
~~~~~~~~~~
~~~~~~~~~~
~~~~~~~~~~
~~~~~~~~~~
~~~~~~~~~~
~~~~~~~~~~
~~~~~~~~~~
~~~~~~~~~~
client_auto's HIT: 0,1
Matthew Bouch
client
KKKSSSSSSS
SSSSSSSSSS
~~~~~~~~~~
~~~~~~~~~~
~~~~~~~~~~
~~~~~~~~~~
~~~~~~~~~~
~~~~~~~~~~
~~~~~~~~~~
~~~~~~~~~~
client's HIT: 0,3
Joey Gorski
client_auto
SXXXSSSSSS
SSSSSSSSSS
~~~~~~~~~~
~~~~~~~~~~
~~~~~~~~~~
~~~~~~~~~~
~~~~~~~~~~
~~~~~~~~~~
~~~~~~~~~~
~~~~~~~~~~
client_auto's HIT: 0,2
Matthew Bouch
client
KKKXSSSSSS
SSSSSSSSSS
~~~~~~~~~~
~~~~~~~~~~
~~~~~~~~~~
~~~~~~~~~~
~~~~~~~~~~
~~~~~~~~~~
~~~~~~~~~~
~~~~~~~~~~
client's HIT: 0,4
Joey Gorski
client_auto
SXXXXSSSSS
SSSSSSSSSS
~~~~~~~~~~
~~~~~~~~~~
~~~~~~~~~~
~~~~~~~~~~
~~~~~~~~~~
~~~~~~~~~~
~~~~~~~~~~
~~~~~~~~~~
client_auto's HIT: 0,3
Matthew Bouch
client
KKKXXSSSSS
SSSSSSSSSS
~~~~~~~~~~
~~~~~~~~~~
~~~~~~~~~~
~~~~~~~~~~
~~~~~~~~~~
~~~~~~~~~~
~~~~~~~~~~
~~~~~~~~~~
client's HIT: 0,5
Joey Gorski
client_auto
SXXKKKSSSS
SSSSSSSSSS
~~~~~~~~~~
~~~~~~~~~~
~~~~~~~~~~
~~~~~~~~~~
~~~~~~~~~~
~~~~~~~~~~
~~~~~~~~~~
~~~~~~~~~~
client_auto's HIT: 0,4
Matthew Bouch
client
KKKKKKSSSS
SSSSSSSSSS
~~~~~~~~~~
~~~~~~~~~~
~~~~~~~~~~
~~~~~~~~~~
~~~~~~~~~~
~~~~~~~~~~
~~~~~~~~~~
~~~~~~~~~~
client's HIT: 0,6
Joey Gorski
client_auto
SXXKKKXSSS
SSSSSSSSSS
~~~~~~~~~~
~~~~~~~~~~
~~~~~~~~~~
~~~~~~~~~~
~~~~~~~~~~
~~~~~~~~~~
~~~~~~~~~~
~~~~~~~~~~
client_auto's HIT: 0,5
Matthew Bouch
client
KKKKKKXSSS
SSSSSSSSSS
~~~~~~~~~~
~~~~~~~~~~
~~~~~~~~~~
~~~~~~~~~~
~~~~~~~~~~
~~~~~~~~~~
~~~~~~~~~~
~~~~~~~~~~
client's HIT: 0,7
Joey Gorski
client_auto
SXXKKKXXSS
SSSSSSSSSS
~~~~~~~~~~
~~~~~~~~~~
~~~~~~~~~~
~~~~~~~~~~
~~~~~~~~~~
~~~~~~~~~~
~~~~~~~~~~
~~~~~~~~~~
client_auto's HIT: 0,6
Matthew Bouch
client
KKKKKKXXSS
SSSSSSSSSS
~~~~~~~~~~
~~~~~~~~~~
~~~~~~~~~~
~~~~~~~~~~
~~~~~~~~~~
~~~~~~~~~~
~~~~~~~~~~
~~~~~~~~~~
client's HIT: 0,8
Joey Gorski
client_auto
SXXKKKXXXS
SSSSSSSSSS
~~~~~~~~~~
~~~~~~~~~~
~~~~~~~~~~
~~~~~~~~~~
~~~~~~~~~~
~~~~~~~~~~
~~~~~~~~~~
~~~~~~~~~~
client_auto's HIT: 0,7
Matthew Bouch
client
KKKKKKXXXS
SSSSSSSSSS
~~~~~~~~~~
~~~~~~~~~~
~~~~~~~~~~
~~~~~~~~~~
~~~~~~~~~~
~~~~~~~~~~
~~~~~~~~~~
~~~~~~~~~~
client's HIT: 0,9
Joey Gorski
client_auto
SXXKKKKKKK
SSSSSSSSSS
~~~~~~~~~~
~~~~~~~~~~
~~~~~~~~~~
~~~~~~~~~~
~~~~~~~~~~
~~~~~~~~~~
~~~~~~~~~~
~~~~~~~~~~
client_auto's HIT: 0,8
Matthew Bouch
client
KKKKKKKKKK
SSSSSSSSSS
~~~~~~~~~~
~~~~~~~~~~
~~~~~~~~~~
~~~~~~~~~~
~~~~~~~~~~
~~~~~~~~~~
~~~~~~~~~~
~~~~~~~~~~
client's HIT: 1,1
Joey Gorski
client_auto
SXXKKKKKKK
SXSSSSSSSS
~~~~~~~~~~
~~~~~~~~~~
~~~~~~~~~~
~~~~~~~~~~
~~~~~~~~~~
~~~~~~~~~~
~~~~~~~~~~
~~~~~~~~~~
client_auto's HIT: 0,9
Matthew Bouch
client
KKKKKKKKKK
XSSSSSSSSS
~~~~~~~~~~
~~~~~~~~~~
~~~~~~~~~~
~~~~~~~~~~
~~~~~~~~~~
~~~~~~~~~~
~~~~~~~~~~
~~~~~~~~~~
client's HIT: 1,2
Joey Gorski
client_auto
SXXKKKKKKK
SXXSSSSSSS
~~~~~~~~~~
~~~~~~~~~~
~~~~~~~~~~
~~~~~~~~~~
~~~~~~~~~~
~~~~~~~~~~
~~~~~~~~~~
~~~~~~~~~~
client_auto's HIT: 1,0
Matthew Bouch
client
KKKKKKKKKK
XXSSSSSSSS
~~~~~~~~~~
~~~~~~~~~~
~~~~~~~~~~
~~~~~~~~~~
~~~~~~~~~~
~~~~~~~~~~
~~~~~~~~~~
~~~~~~~~~~
client's HIT: 1,3
Joey Gorski
client_auto
SXXKKKKKKK
SXXXSSSSSS
~~~~~~~~~~
~~~~~~~~~~
~~~~~~~~~~
~~~~~~~~~~
~~~~~~~~~~
~~~~~~~~~~
~~~~~~~~~~
~~~~~~~~~~
client_auto's HIT: 1,1
Matthew Bouch
client
KKKKKKKKKK
KKKSSSSSSS
~~~~~~~~~~
~~~~~~~~~~
~~~~~~~~~~
~~~~~~~~~~
~~~~~~~~~~
~~~~~~~~~~
~~~~~~~~~~
~~~~~~~~~~
client's HIT: 1,4
Joey Gorski
client_auto
SXXKKKKKKK
SXXXXSSSSS
~~~~~~~~~~
~~~~~~~~~~
~~~~~~~~~~
~~~~~~~~~~
~~~~~~~~~~
~~~~~~~~~~
~~~~~~~~~~
~~~~~~~~~~
client_auto's HIT: 1,2
Matthew Bouch
client
KKKKKKKKKK
KKKXSSSSSS
~~~~~~~~~~
~~~~~~~~~~
~~~~~~~~~~
~~~~~~~~~~
~~~~~~~~~~
~~~~~~~~~~
~~~~~~~~~~
~~~~~~~~~~
client's HIT: 1,5
Joey Gorski
client_auto
SXXKKKKKKK
SXXKKKSSSS
~~~~~~~~~~
~~~~~~~~~~
~~~~~~~~~~
~~~~~~~~~~
~~~~~~~~~~
~~~~~~~~~~
~~~~~~~~~~
~~~~~~~~~~
client_auto's HIT: 1,3
Matthew Bouch
client
KKKKKKKKKK
KKKXXSSSSS
~~~~~~~~~~
~~~~~~~~~~
~~~~~~~~~~
~~~~~~~~~~
~~~~~~~~~~
~~~~~~~~~~
~~~~~~~~~~
~~~~~~~~~~
client's HIT: 1,6
Joey Gorski
client_auto
SXXKKKKKKK
SXXKKKXSSS
~~~~~~~~~~
~~~~~~~~~~
~~~~~~~~~~
~~~~~~~~~~
~~~~~~~~~~
~~~~~~~~~~
~~~~~~~~~~
~~~~~~~~~~
client_auto's HIT: 1,4
Matthew Bouch
client
KKKKKKKKKK
KKKKKKSSSS
~~~~~~~~~~
~~~~~~~~~~
~~~~~~~~~~
~~~~~~~~~~
~~~~~~~~~~
~~~~~~~~~~
~~~~~~~~~~
~~~~~~~~~~
client's HIT: 1,7
Joey Gorski
client_auto
SXXKKKKKKK
SXXKKKXXSS
~~~~~~~~~~
~~~~~~~~~~
~~~~~~~~~~
~~~~~~~~~~
~~~~~~~~~~
~~~~~~~~~~
~~~~~~~~~~
~~~~~~~~~~
client_auto's HIT: 1,5
Matthew Bouch
client
KKKKKKKKKK
KKKKKKXSSS
~~~~~~~~~~
~~~~~~~~~~
~~~~~~~~~~
~~~~~~~~~~
~~~~~~~~~~
~~~~~~~~~~
~~~~~~~~~~
~~~~~~~~~~
client's HIT: 1,8
Joey Gorski
client_auto
SXXKKKKKKK
SXXKKKXXXS
~~~~~~~~~~
~~~~~~~~~~
~~~~~~~~~~
~~~~~~~~~~
~~~~~~~~~~
~~~~~~~~~~
~~~~~~~~~~
~~~~~~~~~~
client_auto's HIT: 1,6
Matthew Bouch
client
KKKKKKKKKK
KKKKKKXXSS
~~~~~~~~~~
~~~~~~~~~~
~~~~~~~~~~
~~~~~~~~~~
~~~~~~~~~~
~~~~~~~~~~
~~~~~~~~~~
~~~~~~~~~~
client's HIT: 1,9
Joey Gorski
client_auto
SXXKKKKKKK
SXXKKKKKKK
~~~~~~~~~~
~~~~~~~~~~
~~~~~~~~~~
~~~~~~~~~~
~~~~~~~~~~
~~~~~~~~~~
~~~~~~~~~~
~~~~~~~~~~
client_auto's HIT: 1,7
Matthew Bouch
client
KKKKKKKKKK
KKKKKKXXXS
~~~~~~~~~~
~~~~~~~~~~
~~~~~~~~~~
~~~~~~~~~~
~~~~~~~~~~
~~~~~~~~~~
~~~~~~~~~~
~~~~~~~~~~
client's MISS: 2,1
Joey Gorski
client_auto
SXXKKKKKKK
SXXKKKKKKK
~*~~~~~~~~
~~~~~~~~~~
~~~~~~~~~~
~~~~~~~~~~
~~~~~~~~~~
~~~~~~~~~~
~~~~~~~~~~
~~~~~~~~~~
client_auto's HIT: 1,8
Matthew Bouch
client
KKKKKKKKKK
KKKKKKKKKK
~~~~~~~~~~
~~~~~~~~~~
~~~~~~~~~~
~~~~~~~~~~
~~~~~~~~~~
~~~~~~~~~~
~~~~~~~~~~
~~~~~~~~~~
client's MISS: 2,2
Joey Gorski
client_auto
SXXKKKKKKK
SXXKKKKKKK
~**~~~~~~~
~~~~~~~~~~
~~~~~~~~~~
~~~~~~~~~~
~~~~~~~~~~
~~~~~~~~~~
~~~~~~~~~~
~~~~~~~~~~
client_auto's HIT: 1,9
MATCH_OVER
client's WIN-LOSS-TIE: 0-3-0
client_auto's WIN-LOSS-TIE: 3-0-0
